Arguments: 
  /usr/local/bin/node /usr/local/bin/yarn -i

PATH: 
  /Users/cuiyijie/Library/Android/sdk/platform-tools:/usr/local/opt/python@3.8/bin:/Library/Frameworks/Python.framework/Versions/2.7/bin:/Users/cuiyijie/.cargo/bin:/usr/local/bin:/usr/bin:/bin:/usr/sbin:/sbin:/Library/Apple/usr/bin

Yarn version: 
  1.22.4

Node version: 
  12.18.1

Platform: 
  darwin x64

Trace: 
  Error: https://registry.npm.taobao.org/video.js/download/video.js-7.8.3.tgz: unexpected end of file
      at Zlib.zlibOnError [as onerror] (zlib.js:180:17)

npm manifest: 
  {
    "name": "web",
    "version": "0.1.0",
    "private": true,
    "scripts": {
      "serve": "vue-cli-service serve",
      "build": "vue-cli-service build"
    },
    "dependencies": {
      "axios": "^0.19.2",
      "element-ui": "^2.13.2",
      "sortablejs": "^1.10.0-rc3",
      "video.js": "7.6.5",
      "vue": "^2.6.11",
      "vue-load-image": "^0.1.7",
      "vue-photo-preview": "^1.1.3",
      "vue-router": "^3.3.4",
      "vuex": "^3.4.0"
    },
    "devDependencies": {
      "@vue/cli-plugin-babel": "~4.2.0",
      "@vue/cli-service": "~4.2.0",
      "node-sass": "^4.14.1",
      "sass-loader": "^8.0.2",
      "vue-template-compiler": "^2.6.11"
    },
    "postcss": {
      "plugins": {
        "autoprefixer": {}
      }
    },
    "browserslist": [
      "> 1%",
      "last 2 versions",
      "not ie <= 8"
    ]
  }

yarn manifest: 
  No manifest

Lockfile: 
  No lockfile
